<?xml version="1.0" encoding="UTF-8"?>
<testsuite xmlns:xsi="http://www.w3.org/2001/XMLSchema-instance" xsi:noNamespaceSchemaLocation="https://maven.apache.org/surefire/maven-surefire-plugin/xsd/surefire-test-report-3.0.xsd" version="3.0" name="TestSuite" time="35.012" tests="4" errors="0" skipped="0" failures="2">
  <properties>
    <property name="java.specification.version" value="17"/>
    <property name="sun.cpu.isalist" value="amd64"/>
    <property name="sun.jnu.encoding" value="Cp1252"/>
    <property name="java.class.path" value="D:\Yogesh\Java Workspace\EmbarksTddFramework\target\test-classes;D:\Yogesh\Java Workspace\EmbarksTddFramework\target\classes;C:\Users\vikram solanki\.m2\repository\org\seleniumhq\selenium\selenium-java\4.30.0\selenium-java-4.30.0.jar;C:\Users\vikram solanki\.m2\repository\org\seleniumhq\selenium\selenium-api\4.30.0\selenium-api-4.30.0.jar;C:\Users\vikram solanki\.m2\repository\org\jspecify\jspecify\1.0.0\jspecify-1.0.0.jar;C:\Users\vikram solanki\.m2\repository\org\seleniumhq\selenium\selenium-chrome-driver\4.30.0\selenium-chrome-driver-4.30.0.jar;C:\Users\vikram solanki\.m2\repository\com\google\auto\service\auto-service-annotations\1.1.1\auto-service-annotations-1.1.1.jar;C:\Users\vikram solanki\.m2\repository\org\seleniumhq\selenium\selenium-chromium-driver\4.30.0\selenium-chromium-driver-4.30.0.jar;C:\Users\vikram solanki\.m2\repository\org\seleniumhq\selenium\selenium-json\4.30.0\selenium-json-4.30.0.jar;C:\Users\vikram solanki\.m2\repository\org\seleniumhq\selenium\selenium-manager\4.30.0\selenium-manager-4.30.0.jar;C:\Users\vikram solanki\.m2\repository\org\seleniumhq\selenium\selenium-devtools-v132\4.30.0\selenium-devtools-v132-4.30.0.jar;C:\Users\vikram solanki\.m2\repository\org\seleniumhq\selenium\selenium-devtools-v133\4.30.0\selenium-devtools-v133-4.30.0.jar;C:\Users\vikram solanki\.m2\repository\org\seleniumhq\selenium\selenium-devtools-v134\4.30.0\selenium-devtools-v134-4.30.0.jar;C:\Users\vikram solanki\.m2\repository\org\seleniumhq\selenium\selenium-edge-driver\4.30.0\selenium-edge-driver-4.30.0.jar;C:\Users\vikram solanki\.m2\repository\org\seleniumhq\selenium\selenium-firefox-driver\4.30.0\selenium-firefox-driver-4.30.0.jar;C:\Users\vikram solanki\.m2\repository\org\seleniumhq\selenium\selenium-http\4.30.0\selenium-http-4.30.0.jar;C:\Users\vikram solanki\.m2\repository\org\seleniumhq\selenium\selenium-ie-driver\4.30.0\selenium-ie-driver-4.30.0.jar;C:\Users\vikram solanki\.m2\repository\org\seleniumhq\selenium\selenium-remote-driver\4.30.0\selenium-remote-driver-4.30.0.jar;C:\Users\vikram solanki\.m2\repository\com\google\guava\guava\33.4.5-jre\guava-33.4.5-jre.jar;C:\Users\vikram solanki\.m2\repository\com\google\guava\failureaccess\1.0.3\failureaccess-1.0.3.jar;C:\Users\vikram solanki\.m2\repository\com\google\guava\listenablefuture\9999.0-empty-to-avoid-conflict-with-guava\listenablefuture-9999.0-empty-to-avoid-conflict-with-guava.jar;C:\Users\vikram solanki\.m2\repository\com\google\errorprone\error_prone_annotations\2.36.0\error_prone_annotations-2.36.0.jar;C:\Users\vikram solanki\.m2\repository\com\google\j2objc\j2objc-annotations\3.0.0\j2objc-annotations-3.0.0.jar;C:\Users\vikram solanki\.m2\repository\io\opentelemetry\opentelemetry-api\1.48.0\opentelemetry-api-1.48.0.jar;C:\Users\vikram solanki\.m2\repository\io\opentelemetry\opentelemetry-context\1.48.0\opentelemetry-context-1.48.0.jar;C:\Users\vikram solanki\.m2\repository\io\opentelemetry\opentelemetry-exporter-logging\1.48.0\opentelemetry-exporter-logging-1.48.0.jar;C:\Users\vikram solanki\.m2\repository\io\opentelemetry\opentelemetry-sdk-common\1.48.0\opentelemetry-sdk-common-1.48.0.jar;C:\Users\vikram solanki\.m2\repository\io\opentelemetry\opentelemetry-sdk-extension-autoconfigure-spi\1.48.0\opentelemetry-sdk-extension-autoconfigure-spi-1.48.0.jar;C:\Users\vikram solanki\.m2\repository\io\opentelemetry\opentelemetry-sdk-extension-autoconfigure\1.48.0\opentelemetry-sdk-extension-autoconfigure-1.48.0.jar;C:\Users\vikram solanki\.m2\repository\io\opentelemetry\opentelemetry-sdk-trace\1.48.0\opentelemetry-sdk-trace-1.48.0.jar;C:\Users\vikram solanki\.m2\repository\io\opentelemetry\opentelemetry-sdk\1.48.0\opentelemetry-sdk-1.48.0.jar;C:\Users\vikram solanki\.m2\repository\io\opentelemetry\opentelemetry-sdk-metrics\1.48.0\opentelemetry-sdk-metrics-1.48.0.jar;C:\Users\vikram solanki\.m2\repository\io\opentelemetry\opentelemetry-sdk-logs\1.48.0\opentelemetry-sdk-logs-1.48.0.jar;C:\Users\vikram solanki\.m2\repository\net\bytebuddy\byte-buddy\1.17.2\byte-buddy-1.17.2.jar;C:\Users\vikram solanki\.m2\repository\org\seleniumhq\selenium\selenium-os\4.30.0\selenium-os-4.30.0.jar;C:\Users\vikram solanki\.m2\repository\org\apache\commons\commons-exec\1.4.0\commons-exec-1.4.0.jar;C:\Users\vikram solanki\.m2\repository\org\seleniumhq\selenium\selenium-safari-driver\4.30.0\selenium-safari-driver-4.30.0.jar;C:\Users\vikram solanki\.m2\repository\org\seleniumhq\selenium\selenium-support\4.30.0\selenium-support-4.30.0.jar;C:\Users\vikram solanki\.m2\repository\org\apache\logging\log4j\log4j-core\2.24.3\log4j-core-2.24.3.jar;C:\Users\vikram solanki\.m2\repository\org\apache\logging\log4j\log4j-api\2.24.3\log4j-api-2.24.3.jar;C:\Users\vikram solanki\.m2\repository\org\testng\testng\7.5.1\testng-7.5.1.jar;C:\Users\vikram solanki\.m2\repository\com\google\code\findbugs\jsr305\3.0.1\jsr305-3.0.1.jar;C:\Users\vikram solanki\.m2\repository\com\beust\jcommander\1.78\jcommander-1.78.jar;C:\Users\vikram solanki\.m2\repository\org\webjars\jquery\3.5.1\jquery-3.5.1.jar;C:\Users\vikram solanki\.m2\repository\com\aventstack\extentreports\5.1.2\extentreports-5.1.2.jar;C:\Users\vikram solanki\.m2\repository\io\reactivex\rxjava3\rxjava\3.1.6\rxjava-3.1.6.jar;C:\Users\vikram solanki\.m2\repository\org\reactivestreams\reactive-streams\1.0.4\reactive-streams-1.0.4.jar;C:\Users\vikram solanki\.m2\repository\org\freemarker\freemarker\2.3.32\freemarker-2.3.32.jar;C:\Users\vikram solanki\.m2\repository\org\projectlombok\lombok\1.18.26\lombok-1.18.26.jar;C:\Users\vikram solanki\.m2\repository\com\google\code\gson\gson\2.10.1\gson-2.10.1.jar;C:\Users\vikram solanki\.m2\repository\com\github\javafaker\javafaker\0.15\javafaker-0.15.jar;C:\Users\vikram solanki\.m2\repository\org\apache\commons\commons-lang3\3.5\commons-lang3-3.5.jar;C:\Users\vikram solanki\.m2\repository\org\yaml\snakeyaml\1.20\snakeyaml-1.20-android.jar;C:\Users\vikram solanki\.m2\repository\com\github\mifmif\generex\1.0.2\generex-1.0.2.jar;C:\Users\vikram solanki\.m2\repository\dk\brics\automaton\automaton\1.11-8\automaton-1.11-8.jar;C:\Users\vikram solanki\.m2\repository\org\apache\poi\poi-ooxml\5.4.0\poi-ooxml-5.4.0.jar;C:\Users\vikram solanki\.m2\repository\org\apache\poi\poi\5.4.0\poi-5.4.0.jar;C:\Users\vikram solanki\.m2\repository\commons-codec\commons-codec\1.17.1\commons-codec-1.17.1.jar;C:\Users\vikram solanki\.m2\repository\org\apache\commons\commons-math3\3.6.1\commons-math3-3.6.1.jar;C:\Users\vikram solanki\.m2\repository\com\zaxxer\SparseBitSet\1.3\SparseBitSet-1.3.jar;C:\Users\vikram solanki\.m2\repository\org\apache\poi\poi-ooxml-lite\5.4.0\poi-ooxml-lite-5.4.0.jar;C:\Users\vikram solanki\.m2\repository\org\apache\xmlbeans\xmlbeans\5.3.0\xmlbeans-5.3.0.jar;C:\Users\vikram solanki\.m2\repository\org\apache\commons\commons-compress\1.27.1\commons-compress-1.27.1.jar;C:\Users\vikram solanki\.m2\repository\commons-io\commons-io\2.18.0\commons-io-2.18.0.jar;C:\Users\vikram solanki\.m2\repository\com\github\virtuald\curvesapi\1.08\curvesapi-1.08.jar;C:\Users\vikram solanki\.m2\repository\org\apache\commons\commons-collections4\4.4\commons-collections4-4.4.jar;"/>
    <property name="java.vm.vendor" value="Oracle Corporation"/>
    <property name="sun.arch.data.model" value="64"/>
    <property name="user.variant" value=""/>
    <property name="java.vendor.url" value="https://java.oracle.com/"/>
    <property name="user.timezone" value="Asia/Calcutta"/>
    <property name="os.name" value="Windows 11"/>
    <property name="java.vm.specification.version" value="17"/>
    <property name="sun.java.launcher" value="SUN_STANDARD"/>
    <property name="user.country" value="IN"/>
    <property name="sun.boot.library.path" value="C:\Program Files\Java\jdk-17\bin"/>
    <property name="sun.java.command" value="C:\Users\vikram solanki\AppData\Local\Temp\surefire5783394969463926950\surefirebooter-20250406111114956_3.jar C:\Users\vikram solanki\AppData\Local\Temp\surefire5783394969463926950 2025-04-06T11-11-14_568-jvmRun1 surefire-20250406111114956_1tmp surefire_0-20250406111114956_2tmp"/>
    <property name="jdk.debug" value="release"/>
    <property name="surefire.test.class.path" value="D:\Yogesh\Java Workspace\EmbarksTddFramework\target\test-classes;D:\Yogesh\Java Workspace\EmbarksTddFramework\target\classes;C:\Users\vikram solanki\.m2\repository\org\seleniumhq\selenium\selenium-java\4.30.0\selenium-java-4.30.0.jar;C:\Users\vikram solanki\.m2\repository\org\seleniumhq\selenium\selenium-api\4.30.0\selenium-api-4.30.0.jar;C:\Users\vikram solanki\.m2\repository\org\jspecify\jspecify\1.0.0\jspecify-1.0.0.jar;C:\Users\vikram solanki\.m2\repository\org\seleniumhq\selenium\selenium-chrome-driver\4.30.0\selenium-chrome-driver-4.30.0.jar;C:\Users\vikram solanki\.m2\repository\com\google\auto\service\auto-service-annotations\1.1.1\auto-service-annotations-1.1.1.jar;C:\Users\vikram solanki\.m2\repository\org\seleniumhq\selenium\selenium-chromium-driver\4.30.0\selenium-chromium-driver-4.30.0.jar;C:\Users\vikram solanki\.m2\repository\org\seleniumhq\selenium\selenium-json\4.30.0\selenium-json-4.30.0.jar;C:\Users\vikram solanki\.m2\repository\org\seleniumhq\selenium\selenium-manager\4.30.0\selenium-manager-4.30.0.jar;C:\Users\vikram solanki\.m2\repository\org\seleniumhq\selenium\selenium-devtools-v132\4.30.0\selenium-devtools-v132-4.30.0.jar;C:\Users\vikram solanki\.m2\repository\org\seleniumhq\selenium\selenium-devtools-v133\4.30.0\selenium-devtools-v133-4.30.0.jar;C:\Users\vikram solanki\.m2\repository\org\seleniumhq\selenium\selenium-devtools-v134\4.30.0\selenium-devtools-v134-4.30.0.jar;C:\Users\vikram solanki\.m2\repository\org\seleniumhq\selenium\selenium-edge-driver\4.30.0\selenium-edge-driver-4.30.0.jar;C:\Users\vikram solanki\.m2\repository\org\seleniumhq\selenium\selenium-firefox-driver\4.30.0\selenium-firefox-driver-4.30.0.jar;C:\Users\vikram solanki\.m2\repository\org\seleniumhq\selenium\selenium-http\4.30.0\selenium-http-4.30.0.jar;C:\Users\vikram solanki\.m2\repository\org\seleniumhq\selenium\selenium-ie-driver\4.30.0\selenium-ie-driver-4.30.0.jar;C:\Users\vikram solanki\.m2\repository\org\seleniumhq\selenium\selenium-remote-driver\4.30.0\selenium-remote-driver-4.30.0.jar;C:\Users\vikram solanki\.m2\repository\com\google\guava\guava\33.4.5-jre\guava-33.4.5-jre.jar;C:\Users\vikram solanki\.m2\repository\com\google\guava\failureaccess\1.0.3\failureaccess-1.0.3.jar;C:\Users\vikram solanki\.m2\repository\com\google\guava\listenablefuture\9999.0-empty-to-avoid-conflict-with-guava\listenablefuture-9999.0-empty-to-avoid-conflict-with-guava.jar;C:\Users\vikram solanki\.m2\repository\com\google\errorprone\error_prone_annotations\2.36.0\error_prone_annotations-2.36.0.jar;C:\Users\vikram solanki\.m2\repository\com\google\j2objc\j2objc-annotations\3.0.0\j2objc-annotations-3.0.0.jar;C:\Users\vikram solanki\.m2\repository\io\opentelemetry\opentelemetry-api\1.48.0\opentelemetry-api-1.48.0.jar;C:\Users\vikram solanki\.m2\repository\io\opentelemetry\opentelemetry-context\1.48.0\opentelemetry-context-1.48.0.jar;C:\Users\vikram solanki\.m2\repository\io\opentelemetry\opentelemetry-exporter-logging\1.48.0\opentelemetry-exporter-logging-1.48.0.jar;C:\Users\vikram solanki\.m2\repository\io\opentelemetry\opentelemetry-sdk-common\1.48.0\opentelemetry-sdk-common-1.48.0.jar;C:\Users\vikram solanki\.m2\repository\io\opentelemetry\opentelemetry-sdk-extension-autoconfigure-spi\1.48.0\opentelemetry-sdk-extension-autoconfigure-spi-1.48.0.jar;C:\Users\vikram solanki\.m2\repository\io\opentelemetry\opentelemetry-sdk-extension-autoconfigure\1.48.0\opentelemetry-sdk-extension-autoconfigure-1.48.0.jar;C:\Users\vikram solanki\.m2\repository\io\opentelemetry\opentelemetry-sdk-trace\1.48.0\opentelemetry-sdk-trace-1.48.0.jar;C:\Users\vikram solanki\.m2\repository\io\opentelemetry\opentelemetry-sdk\1.48.0\opentelemetry-sdk-1.48.0.jar;C:\Users\vikram solanki\.m2\repository\io\opentelemetry\opentelemetry-sdk-metrics\1.48.0\opentelemetry-sdk-metrics-1.48.0.jar;C:\Users\vikram solanki\.m2\repository\io\opentelemetry\opentelemetry-sdk-logs\1.48.0\opentelemetry-sdk-logs-1.48.0.jar;C:\Users\vikram solanki\.m2\repository\net\bytebuddy\byte-buddy\1.17.2\byte-buddy-1.17.2.jar;C:\Users\vikram solanki\.m2\repository\org\seleniumhq\selenium\selenium-os\4.30.0\selenium-os-4.30.0.jar;C:\Users\vikram solanki\.m2\repository\org\apache\commons\commons-exec\1.4.0\commons-exec-1.4.0.jar;C:\Users\vikram solanki\.m2\repository\org\seleniumhq\selenium\selenium-safari-driver\4.30.0\selenium-safari-driver-4.30.0.jar;C:\Users\vikram solanki\.m2\repository\org\seleniumhq\selenium\selenium-support\4.30.0\selenium-support-4.30.0.jar;C:\Users\vikram solanki\.m2\repository\org\apache\logging\log4j\log4j-core\2.24.3\log4j-core-2.24.3.jar;C:\Users\vikram solanki\.m2\repository\org\apache\logging\log4j\log4j-api\2.24.3\log4j-api-2.24.3.jar;C:\Users\vikram solanki\.m2\repository\org\testng\testng\7.5.1\testng-7.5.1.jar;C:\Users\vikram solanki\.m2\repository\com\google\code\findbugs\jsr305\3.0.1\jsr305-3.0.1.jar;C:\Users\vikram solanki\.m2\repository\com\beust\jcommander\1.78\jcommander-1.78.jar;C:\Users\vikram solanki\.m2\repository\org\webjars\jquery\3.5.1\jquery-3.5.1.jar;C:\Users\vikram solanki\.m2\repository\com\aventstack\extentreports\5.1.2\extentreports-5.1.2.jar;C:\Users\vikram solanki\.m2\repository\io\reactivex\rxjava3\rxjava\3.1.6\rxjava-3.1.6.jar;C:\Users\vikram solanki\.m2\repository\org\reactivestreams\reactive-streams\1.0.4\reactive-streams-1.0.4.jar;C:\Users\vikram solanki\.m2\repository\org\freemarker\freemarker\2.3.32\freemarker-2.3.32.jar;C:\Users\vikram solanki\.m2\repository\org\projectlombok\lombok\1.18.26\lombok-1.18.26.jar;C:\Users\vikram solanki\.m2\repository\com\google\code\gson\gson\2.10.1\gson-2.10.1.jar;C:\Users\vikram solanki\.m2\repository\com\github\javafaker\javafaker\0.15\javafaker-0.15.jar;C:\Users\vikram solanki\.m2\repository\org\apache\commons\commons-lang3\3.5\commons-lang3-3.5.jar;C:\Users\vikram solanki\.m2\repository\org\yaml\snakeyaml\1.20\snakeyaml-1.20-android.jar;C:\Users\vikram solanki\.m2\repository\com\github\mifmif\generex\1.0.2\generex-1.0.2.jar;C:\Users\vikram solanki\.m2\repository\dk\brics\automaton\automaton\1.11-8\automaton-1.11-8.jar;C:\Users\vikram solanki\.m2\repository\org\apache\poi\poi-ooxml\5.4.0\poi-ooxml-5.4.0.jar;C:\Users\vikram solanki\.m2\repository\org\apache\poi\poi\5.4.0\poi-5.4.0.jar;C:\Users\vikram solanki\.m2\repository\commons-codec\commons-codec\1.17.1\commons-codec-1.17.1.jar;C:\Users\vikram solanki\.m2\repository\org\apache\commons\commons-math3\3.6.1\commons-math3-3.6.1.jar;C:\Users\vikram solanki\.m2\repository\com\zaxxer\SparseBitSet\1.3\SparseBitSet-1.3.jar;C:\Users\vikram solanki\.m2\repository\org\apache\poi\poi-ooxml-lite\5.4.0\poi-ooxml-lite-5.4.0.jar;C:\Users\vikram solanki\.m2\repository\org\apache\xmlbeans\xmlbeans\5.3.0\xmlbeans-5.3.0.jar;C:\Users\vikram solanki\.m2\repository\org\apache\commons\commons-compress\1.27.1\commons-compress-1.27.1.jar;C:\Users\vikram solanki\.m2\repository\commons-io\commons-io\2.18.0\commons-io-2.18.0.jar;C:\Users\vikram solanki\.m2\repository\com\github\virtuald\curvesapi\1.08\curvesapi-1.08.jar;C:\Users\vikram solanki\.m2\repository\org\apache\commons\commons-collections4\4.4\commons-collections4-4.4.jar;"/>
    <property name="sun.cpu.endian" value="little"/>
    <property name="user.home" value="C:\Users\vikram solanki"/>
    <property name="user.language" value="en"/>
    <property name="java.specification.vendor" value="Oracle Corporation"/>
    <property name="java.version.date" value="2024-07-16"/>
    <property name="java.home" value="C:\Program Files\Java\jdk-17"/>
    <property name="file.separator" value="\"/>
    <property name="basedir" value="D:\Yogesh\Java Workspace\EmbarksTddFramework"/>
    <property name="java.vm.compressedOopsMode" value="32-bit"/>
    <property name="line.separator" value="&#10;"/>
    <property name="java.vm.specification.vendor" value="Oracle Corporation"/>
    <property name="java.specification.name" value="Java Platform API Specification"/>
    <property name="surefire.real.class.path" value="C:\Users\vikram solanki\AppData\Local\Temp\surefire5783394969463926950\surefirebooter-20250406111114956_3.jar"/>
    <property name="user.script" value=""/>
    <property name="sun.management.compiler" value="HotSpot 64-Bit Tiered Compilers"/>
    <property name="java.runtime.version" value="17.0.12+8-LTS-286"/>
    <property name="user.name" value="vikram solanki"/>
    <property name="path.separator" value=";"/>
    <property name="os.version" value="10.0"/>
    <property name="java.runtime.name" value="Java(TM) SE Runtime Environment"/>
    <property name="file.encoding" value="Cp1252"/>
    <property name="java.vm.name" value="Java HotSpot(TM) 64-Bit Server VM"/>
    <property name="localRepository" value="C:\Users\vikram solanki\.m2\repository"/>
    <property name="java.vendor.url.bug" value="https://bugreport.java.com/bugreport/"/>
    <property name="java.io.tmpdir" value="C:\Users\VIKRAM~1\AppData\Local\Temp\"/>
    <property name="java.version" value="17.0.12"/>
    <property name="user.dir" value="D:\Yogesh\Java Workspace\EmbarksTddFramework"/>
    <property name="os.arch" value="amd64"/>
    <property name="java.vm.specification.name" value="Java Virtual Machine Specification"/>
    <property name="sun.os.patch.level" value=""/>
    <property name="native.encoding" value="Cp1252"/>
    <property name="java.library.path" value="C:\Program Files\Java\jdk-17\bin;C:\WINDOWS\Sun\Java\bin;C:\WINDOWS\system32;C:\WINDOWS;C:\Program Files\Common Files\Oracle\Java\javapath;C:\Program Files (x86)\Common Files\Oracle\Java\java8path;C:\Program Files (x86)\Common Files\Oracle\Java\javapath;C:\WINDOWS\system32;C:\WINDOWS;C:\WINDOWS\System32\Wbem;C:\WINDOWS\System32\WindowsPowerShell\v1.0\;C:\WINDOWS\System32\OpenSSH\;C:\Program Files\Java\jdk-1.8\bin;C:\Program Files\maven-3.9.9\bin;C:\Program Files\HP\HP One Agent;C:\Program Files\Git\cmd;C:\Program Files\Microsoft SQL Server\150\Tools\Binn\;C:\Program Files\Microsoft SQL Server\Client SDK\ODBC\170\Tools\Binn\;C:\Program Files\dotnet\;C:\Users\vikram solanki\AppData\Local\Microsoft\WindowsApps;C:\Users\vikram solanki\.dotnet\tools;."/>
    <property name="java.vm.info" value="mixed mode, sharing"/>
    <property name="java.vendor" value="Oracle Corporation"/>
    <property name="java.vm.version" value="17.0.12+8-LTS-286"/>
    <property name="sun.io.unicode.encoding" value="UnicodeLittle"/>
    <property name="java.class.version" value="61.0"/>
  </properties>
  <testcase name="loginTest" classname="com.embarkPortal.automation.LoginTest" time="0.356">
    <system-out><![CDATA[D:\Yogesh\Java Workspace\EmbarksTddFramework
2025-04-06 11:11:16 [main] DEBUG PackageRelationshipCollection:307 - Parsing relationship: /xl/_rels/workbook.xml.rels
2025-04-06 11:11:16 [main] DEBUG PackageRelationshipCollection:307 - Parsing relationship: /xl/worksheets/_rels/sheet1.xml.rels
2025-04-06 11:11:16 [main] DEBUG PackageRelationshipCollection:307 - Parsing relationship: /_rels/.rels
2025-04-06 11:11:16 [main] TRACE SchemaTypeSystemImpl:199 - Loading type system org.apache.poi.schemas.ooxml.system.ooxml
2025-04-06 11:11:16 [main] TRACE SchemaTypeSystemImpl:199 - Loading type system org.apache.xmlbeans.metadata.system.sXMLCONFIG
2025-04-06 11:11:16 [main] TRACE SchemaTypeSystemImpl:199 - Loading type system org.apache.xmlbeans.metadata.system.sXMLLANG
2025-04-06 11:11:16 [main] TRACE SchemaTypeSystemImpl:199 - Loading type system org.apache.xmlbeans.metadata.system.sXMLSCHEMA
2025-04-06 11:11:16 [main] TRACE SchemaTypeSystemImpl:199 - Loading type system org.apache.xmlbeans.metadata.system.sXMLTOOLS
2025-04-06 11:11:16 [main] TRACE SchemaTypeSystemImpl:237 - Reading unresolved handles for type system org.apache.xmlbeans.metadata.system.sXMLTOOLS
2025-04-06 11:11:16 [main] TRACE SchemaTypeSystemImpl:209 - Finished loading type system org.apache.xmlbeans.metadata.system.sXMLTOOLS
2025-04-06 11:11:16 [main] TRACE SchemaTypeSystemImpl:237 - Reading unresolved handles for type system org.apache.xmlbeans.metadata.system.sXMLSCHEMA
2025-04-06 11:11:16 [main] TRACE SchemaTypeSystemImpl:209 - Finished loading type system org.apache.xmlbeans.metadata.system.sXMLSCHEMA
2025-04-06 11:11:16 [main] TRACE SchemaTypeSystemImpl:237 - Reading unresolved handles for type system org.apache.xmlbeans.metadata.system.sXMLLANG
2025-04-06 11:11:16 [main] TRACE SchemaTypeSystemImpl:209 - Finished loading type system org.apache.xmlbeans.metadata.system.sXMLLANG
2025-04-06 11:11:16 [main] TRACE SchemaTypeSystemImpl:237 - Reading unresolved handles for type system org.apache.xmlbeans.metadata.system.sXMLCONFIG
2025-04-06 11:11:16 [main] TRACE SchemaTypeSystemImpl:209 - Finished loading type system org.apache.xmlbeans.metadata.system.sXMLCONFIG
2025-04-06 11:11:16 [main] TRACE SchemaTypeSystemImpl:237 - Reading unresolved handles for type system org.apache.poi.schemas.ooxml.system.ooxml
2025-04-06 11:11:16 [main] TRACE SchemaTypeSystemImpl:209 - Finished loading type system org.apache.poi.schemas.ooxml.system.ooxml
2025-04-06 11:11:16 [main] TRACE SchemaTypeSystemImpl:946 - Resolving type for handle themefd26doctype
2025-04-06 11:11:16 [main] TRACE SchemaTypeSystemImpl:946 - Resolving type for handle stylesheet5d8bdoctype
2025-04-06 11:11:16 [main] TRACE SchemaTypeSystemImpl:946 - Resolving type for handle ctstylesheet4257type
2025-04-06 11:11:16 [main] TRACE SchemaTypeSystemImpl:946 - Resolving type for handle ctfonts6623type
2025-04-06 11:11:16 [main] TRACE SchemaTypeSystemImpl:946 - Resolving type for handle ctfont14d8type
2025-04-06 11:11:16 [main] TRACE SchemaTypeSystemImpl:946 - Resolving type for handle ctfills2c6ftype
2025-04-06 11:11:16 [main] TRACE SchemaTypeSystemImpl:946 - Resolving type for handle ctfill550ctype
2025-04-06 11:11:16 [main] TRACE SchemaTypeSystemImpl:946 - Resolving type for handle ctborders0d66type
2025-04-06 11:11:16 [main] TRACE SchemaTypeSystemImpl:946 - Resolving type for handle ctborderf935type
2025-04-06 11:11:16 [main] TRACE SchemaTypeSystemImpl:946 - Resolving type for handle ctcellxfs1322type
2025-04-06 11:11:16 [main] TRACE SchemaTypeSystemImpl:946 - Resolving type for handle ctxf97f7type
2025-04-06 11:11:16 [main] TRACE SchemaTypeSystemImpl:946 - Resolving type for handle ctcellstylexfsa81ftype
2025-04-06 11:11:16 [main] TRACE SchemaTypeSystemImpl:946 - Resolving type for handle ctdxfsb26atype
2025-04-06 11:11:16 [main] TRACE SchemaTypeSystemImpl:946 - Resolving type for handle cttablestyles872ftype
2025-04-06 11:11:16 [main] TRACE SchemaTypeSystemImpl:946 - Resolving type for handle sstf81fdoctype
2025-04-06 11:11:16 [main] TRACE SchemaTypeSystemImpl:946 - Resolving type for handle ctsst44f3type
2025-04-06 11:11:16 [main] TRACE SchemaTypeSystemImpl:946 - Resolving type for handle ctrsta472type
2025-04-06 11:11:16 [main] TRACE SchemaTypeSystemImpl:946 - Resolving type for handle workbookec17doctype
2025-04-06 11:11:16 [main] TRACE SchemaTypeSystemImpl:946 - Resolving type for handle ctworkbook83c3type
2025-04-06 11:11:16 [main] TRACE SchemaTypeSystemImpl:946 - Resolving type for handle ctsheets49fdtype
2025-04-06 11:11:16 [main] TRACE SchemaTypeSystemImpl:946 - Resolving type for handle ctsheet4dbetype
2025-04-06 11:11:16 [main] TRACE SchemaTypeSystemImpl:946 - Resolving type for handle strelationshipid1e94type
2025-04-06 11:11:16 [main] TRACE SchemaTypeSystemImpl:946 - Resolving type for handle worksheetf539doctype
2025-04-06 11:11:16 [main] TRACE SchemaTypeSystemImpl:946 - Resolving type for handle ctworksheet530dtype
2025-04-06 11:11:16 [main] TRACE SchemaTypeSystemImpl:946 - Resolving type for handle ctcols627ctype
2025-04-06 11:11:16 [main] TRACE SchemaTypeSystemImpl:946 - Resolving type for handle ctcola95ftype
2025-04-06 11:11:16 [main] TRACE SchemaTypeSystemImpl:946 - Resolving type for handle ctsheetdata8408type
2025-04-06 11:11:16 [main] TRACE SchemaTypeSystemImpl:946 - Resolving type for handle ctrowdd39type
2025-04-06 11:11:16 [main] TRACE SchemaTypeSystemImpl:946 - Resolving type for handle ctcell842btype
2025-04-06 11:11:16 [main] TRACE SchemaTypeSystemImpl:946 - Resolving type for handle stcellrefe4e0type
2025-04-06 11:11:16 [main] TRACE SchemaTypeSystemImpl:946 - Resolving type for handle cthyperlinks6416type
2025-04-06 11:11:16 [main] TRACE SchemaTypeSystemImpl:946 - Resolving type for handle cthyperlink0c85type
D:\Yogesh\Java Workspace\EmbarksTddFramework
D:\Yogesh\Java Workspace\EmbarksTddFramework
[Configuration] [WARN] Detected a static method [base.TestBase.close()]. Static configuration methods can cause  unexpected behavior.
[Configuration] [WARN] Detected a static method [base.TestBase.close()]. Static configuration methods can cause  unexpected behavior.
[Configuration] [WARN] Detected a static method [base.TestBase.close()]. Static configuration methods can cause  unexpected behavior.
2025-04-06 11:11:45 [main] DEBUG PackageRelationshipCollection:307 - Parsing relationship: /xl/_rels/workbook.xml.rels
2025-04-06 11:11:45 [main] DEBUG PackageRelationshipCollection:307 - Parsing relationship: /_rels/.rels
2025-04-06 11:11:45 [main] TRACE SchemaTypeSystemImpl:946 - Resolving type for handle ctnumfmtsb58btype
2025-04-06 11:11:45 [main] TRACE SchemaTypeSystemImpl:946 - Resolving type for handle stxstringf179type
2025-04-06 11:11:45 [main] DEBUG PackageRelationshipCollection:307 - Parsing relationship: /xl/_rels/workbook.xml.rels
2025-04-06 11:11:45 [main] DEBUG PackageRelationshipCollection:307 - Parsing relationship: /_rels/.rels
2025-04-06 11:11:45 [main] TRACE SchemaTypeSystemImpl:946 - Resolving type for handle stnumfmtid76fbtype
2025-04-06 11:11:45 [main] TRACE SchemaTypeSystemImpl:946 - Resolving type for handle stfontid9d63type
2025-04-06 11:11:45 [main] TRACE SchemaTypeSystemImpl:946 - Resolving type for handle stfillida097type
2025-04-06 11:11:45 [main] TRACE SchemaTypeSystemImpl:946 - Resolving type for handle stborderid1a80type
2025-04-06 11:11:45 [main] TRACE SchemaTypeSystemImpl:946 - Resolving type for handle stcellstylexfid70c7type
2025-04-06 11:11:45 [main] TRACE SchemaTypeSystemImpl:946 - Resolving type for handle ctcolord2c2type
2025-04-06 11:11:45 [main] TRACE SchemaTypeSystemImpl:946 - Resolving type for handle ctpatternfill7452type
2025-04-06 11:11:45 [main] TRACE SchemaTypeSystemImpl:946 - Resolving type for handle stpatterntype7939type
2025-04-06 11:11:45 [main] TRACE SchemaTypeSystemImpl:946 - Resolving type for handle stcelltypebf95type
2025-04-06 11:11:45 [main] TRACE SchemaTypeSystemImpl:946 - Resolving type for handle ctsheetdimensiond310type
2025-04-06 11:11:45 [main] TRACE SchemaTypeSystemImpl:946 - Resolving type for handle stref90a2type
2025-04-06 11:11:45 [main] TRACE SchemaTypeSystemImpl:946 - Resolving type for handle propertiesee84doctype
2025-04-06 11:11:45 [main] TRACE SchemaTypeSystemImpl:946 - Resolving type for handle ctproperties3f10type
2025-04-06 11:11:45 [main] TRACE SchemaTypeSystemImpl:946 - Resolving type for handle properties288cdoctype
2025-04-06 11:11:45 [main] TRACE SchemaTypeSystemImpl:946 - Resolving type for handle ctproperties2c18type
2025-04-06 11:11:45 [main] DEBUG ZipPackage:570 - Save content types part
2025-04-06 11:11:45 [main] DEBUG ZipPackage:574 - Save package relationships
2025-04-06 11:11:45 [main] DEBUG ZipPackage:588 - Save part 'docProps/app.xml'
2025-04-06 11:11:45 [main] DEBUG ZipPackage:588 - Save part 'docProps/core.xml'
2025-04-06 11:11:46 [main] DEBUG ZipPackage:588 - Save part 'xl/sharedStrings.xml'
2025-04-06 11:11:46 [main] DEBUG ZipPackage:588 - Save part 'xl/styles.xml'
2025-04-06 11:11:46 [main] DEBUG ZipPackage:588 - Save part 'xl/workbook.xml'
2025-04-06 11:11:46 [main] DEBUG ZipPackage:588 - Save part 'xl/worksheets/sheet1.xml'
2025-04-06 11:11:46 [main] DEBUG PackageRelationshipCollection:307 - Parsing relationship: /xl/_rels/workbook.xml.rels
2025-04-06 11:11:46 [main] DEBUG PackageRelationshipCollection:307 - Parsing relationship: /_rels/.rels
2025-04-06 11:11:46 [main] DEBUG ZipPackage:570 - Save content types part
2025-04-06 11:11:46 [main] DEBUG ZipPackage:574 - Save package relationships
2025-04-06 11:11:46 [main] DEBUG ZipPackage:588 - Save part 'docProps/app.xml'
2025-04-06 11:11:46 [main] DEBUG ZipPackage:588 - Save part 'docProps/core.xml'
2025-04-06 11:11:46 [main] DEBUG ZipPackage:588 - Save part 'xl/sharedStrings.xml'
2025-04-06 11:11:46 [main] DEBUG ZipPackage:588 - Save part 'xl/styles.xml'
2025-04-06 11:11:46 [main] DEBUG ZipPackage:588 - Save part 'xl/workbook.xml'
2025-04-06 11:11:46 [main] DEBUG ZipPackage:588 - Save part 'xl/worksheets/sheet1.xml'
2025-04-06 11:11:46 [main] DEBUG PackageRelationshipCollection:307 - Parsing relationship: /xl/_rels/workbook.xml.rels
2025-04-06 11:11:46 [main] DEBUG PackageRelationshipCollection:307 - Parsing relationship: /_rels/.rels
2025-04-06 11:11:46 [main] DEBUG ZipPackage:570 - Save content types part
2025-04-06 11:11:46 [main] DEBUG ZipPackage:574 - Save package relationships
2025-04-06 11:11:46 [main] DEBUG ZipPackage:588 - Save part 'docProps/app.xml'
2025-04-06 11:11:46 [main] DEBUG ZipPackage:588 - Save part 'docProps/core.xml'
2025-04-06 11:11:46 [main] DEBUG ZipPackage:588 - Save part 'xl/sharedStrings.xml'
2025-04-06 11:11:46 [main] DEBUG ZipPackage:588 - Save part 'xl/styles.xml'
2025-04-06 11:11:46 [main] DEBUG ZipPackage:588 - Save part 'xl/workbook.xml'
2025-04-06 11:11:46 [main] DEBUG ZipPackage:588 - Save part 'xl/worksheets/sheet1.xml'
2025-04-06 11:11:46 [main] DEBUG PackageRelationshipCollection:307 - Parsing relationship: /xl/_rels/workbook.xml.rels
2025-04-06 11:11:46 [main] DEBUG PackageRelationshipCollection:307 - Parsing relationship: /_rels/.rels
2025-04-06 11:11:46 [main] DEBUG ZipPackage:570 - Save content types part
2025-04-06 11:11:46 [main] DEBUG ZipPackage:574 - Save package relationships
2025-04-06 11:11:46 [main] DEBUG ZipPackage:588 - Save part 'docProps/app.xml'
2025-04-06 11:11:46 [main] DEBUG ZipPackage:588 - Save part 'docProps/core.xml'
2025-04-06 11:11:46 [main] DEBUG ZipPackage:588 - Save part 'xl/sharedStrings.xml'
2025-04-06 11:11:46 [main] DEBUG ZipPackage:588 - Save part 'xl/styles.xml'
2025-04-06 11:11:46 [main] DEBUG ZipPackage:588 - Save part 'xl/workbook.xml'
2025-04-06 11:11:46 [main] DEBUG ZipPackage:588 - Save part 'xl/worksheets/sheet1.xml'
2025-04-06 11:11:46 [main] DEBUG PackageRelationshipCollection:307 - Parsing relationship: /xl/_rels/workbook.xml.rels
2025-04-06 11:11:46 [main] DEBUG PackageRelationshipCollection:307 - Parsing relationship: /_rels/.rels
2025-04-06 11:11:46 [main] DEBUG ZipPackage:570 - Save content types part
2025-04-06 11:11:46 [main] DEBUG ZipPackage:574 - Save package relationships
2025-04-06 11:11:46 [main] DEBUG ZipPackage:588 - Save part 'docProps/app.xml'
2025-04-06 11:11:46 [main] DEBUG ZipPackage:588 - Save part 'docProps/core.xml'
2025-04-06 11:11:46 [main] DEBUG ZipPackage:588 - Save part 'xl/sharedStrings.xml'
2025-04-06 11:11:46 [main] DEBUG ZipPackage:588 - Save part 'xl/styles.xml'
2025-04-06 11:11:46 [main] DEBUG ZipPackage:588 - Save part 'xl/workbook.xml'
2025-04-06 11:11:46 [main] DEBUG ZipPackage:588 - Save part 'xl/worksheets/sheet1.xml'
]]></system-out>
    <system-err><![CDATA[Apr 06, 2025 11:11:19 AM base.TestBase setUp
INFO: Launching chrome browser
Apr 06, 2025 11:11:45 AM base.TestBase setUp
INFO: Navigating to https://www.embark.org/login
Apr 06, 2025 11:11:46 AM com.embarkPortal.automation.LoginTest loginTest
INFO: Starting login test
Apr 06, 2025 11:11:46 AM com.embarkPortal.automation.LoginTest loginTest
INFO: Logging in with email and password
Apr 06, 2025 11:11:46 AM com.embarkPortal.automation.LoginTest loginTest
INFO: Login test completed
]]></system-err>
  </testcase>
  <testcase name="loginTest[solankiyogesh95@gmail.com, Yogesh@2511](1)" classname="testcases.LoginTest" time="0.26">
    <system-out><![CDATA[2025-04-06 11:11:46 [main] DEBUG PackageRelationshipCollection:307 - Parsing relationship: /xl/_rels/workbook.xml.rels
2025-04-06 11:11:46 [main] DEBUG PackageRelationshipCollection:307 - Parsing relationship: /_rels/.rels
2025-04-06 11:11:46 [main] TRACE SchemaTypeSystemImpl:946 - Resolving type for handle ctfontname2dc3type
2025-04-06 11:11:46 [main] TRACE SchemaTypeSystemImpl:946 - Resolving type for handle ctfontsizeb3b9type
2025-04-06 11:11:47 [main] DEBUG ZipPackage:570 - Save content types part
2025-04-06 11:11:47 [main] DEBUG ZipPackage:574 - Save package relationships
2025-04-06 11:11:47 [main] DEBUG ZipPackage:588 - Save part 'docProps/app.xml'
2025-04-06 11:11:47 [main] DEBUG ZipPackage:588 - Save part 'docProps/core.xml'
2025-04-06 11:11:47 [main] DEBUG ZipPackage:588 - Save part 'xl/sharedStrings.xml'
2025-04-06 11:11:47 [main] DEBUG ZipPackage:588 - Save part 'xl/styles.xml'
2025-04-06 11:11:47 [main] DEBUG ZipPackage:588 - Save part 'xl/workbook.xml'
2025-04-06 11:11:47 [main] DEBUG ZipPackage:588 - Save part 'xl/worksheets/sheet1.xml'
2025-04-06 11:11:47 [main] DEBUG PackageRelationshipCollection:307 - Parsing relationship: /xl/_rels/workbook.xml.rels
2025-04-06 11:11:47 [main] DEBUG PackageRelationshipCollection:307 - Parsing relationship: /_rels/.rels
2025-04-06 11:11:47 [main] DEBUG ZipPackage:570 - Save content types part
2025-04-06 11:11:47 [main] DEBUG ZipPackage:574 - Save package relationships
2025-04-06 11:11:47 [main] DEBUG ZipPackage:588 - Save part 'docProps/app.xml'
2025-04-06 11:11:47 [main] DEBUG ZipPackage:588 - Save part 'docProps/core.xml'
2025-04-06 11:11:47 [main] DEBUG ZipPackage:588 - Save part 'xl/sharedStrings.xml'
2025-04-06 11:11:47 [main] DEBUG ZipPackage:588 - Save part 'xl/styles.xml'
2025-04-06 11:11:47 [main] DEBUG ZipPackage:588 - Save part 'xl/workbook.xml'
2025-04-06 11:11:47 [main] DEBUG ZipPackage:588 - Save part 'xl/worksheets/sheet1.xml'
2025-04-06 11:11:47 [main] DEBUG PackageRelationshipCollection:307 - Parsing relationship: /xl/_rels/workbook.xml.rels
2025-04-06 11:11:47 [main] DEBUG PackageRelationshipCollection:307 - Parsing relationship: /_rels/.rels
2025-04-06 11:11:47 [main] DEBUG ZipPackage:570 - Save content types part
2025-04-06 11:11:47 [main] DEBUG ZipPackage:574 - Save package relationships
2025-04-06 11:11:47 [main] DEBUG ZipPackage:588 - Save part 'docProps/app.xml'
2025-04-06 11:11:47 [main] DEBUG ZipPackage:588 - Save part 'docProps/core.xml'
2025-04-06 11:11:47 [main] DEBUG ZipPackage:588 - Save part 'xl/sharedStrings.xml'
2025-04-06 11:11:47 [main] DEBUG ZipPackage:588 - Save part 'xl/styles.xml'
2025-04-06 11:11:47 [main] DEBUG ZipPackage:588 - Save part 'xl/workbook.xml'
2025-04-06 11:11:47 [main] DEBUG ZipPackage:588 - Save part 'xl/worksheets/sheet1.xml'
2025-04-06 11:11:47 [main] DEBUG PackageRelationshipCollection:307 - Parsing relationship: /xl/_rels/workbook.xml.rels
2025-04-06 11:11:47 [main] DEBUG PackageRelationshipCollection:307 - Parsing relationship: /_rels/.rels
2025-04-06 11:11:47 [main] DEBUG ZipPackage:570 - Save content types part
2025-04-06 11:11:47 [main] DEBUG ZipPackage:574 - Save package relationships
2025-04-06 11:11:47 [main] DEBUG ZipPackage:588 - Save part 'docProps/app.xml'
2025-04-06 11:11:47 [main] DEBUG ZipPackage:588 - Save part 'docProps/core.xml'
2025-04-06 11:11:47 [main] DEBUG ZipPackage:588 - Save part 'xl/sharedStrings.xml'
2025-04-06 11:11:47 [main] DEBUG ZipPackage:588 - Save part 'xl/styles.xml'
2025-04-06 11:11:47 [main] DEBUG ZipPackage:588 - Save part 'xl/workbook.xml'
2025-04-06 11:11:47 [main] DEBUG ZipPackage:588 - Save part 'xl/worksheets/sheet1.xml'
2025-04-06 11:11:47 [main] DEBUG PackageRelationshipCollection:307 - Parsing relationship: /xl/_rels/workbook.xml.rels
2025-04-06 11:11:47 [main] DEBUG PackageRelationshipCollection:307 - Parsing relationship: /_rels/.rels
2025-04-06 11:11:47 [main] DEBUG ZipPackage:570 - Save content types part
2025-04-06 11:11:47 [main] DEBUG ZipPackage:574 - Save package relationships
2025-04-06 11:11:47 [main] DEBUG ZipPackage:588 - Save part 'docProps/app.xml'
2025-04-06 11:11:47 [main] DEBUG ZipPackage:588 - Save part 'docProps/core.xml'
2025-04-06 11:11:47 [main] DEBUG ZipPackage:588 - Save part 'xl/sharedStrings.xml'
2025-04-06 11:11:47 [main] DEBUG ZipPackage:588 - Save part 'xl/styles.xml'
2025-04-06 11:11:47 [main] DEBUG ZipPackage:588 - Save part 'xl/workbook.xml'
2025-04-06 11:11:47 [main] DEBUG ZipPackage:588 - Save part 'xl/worksheets/sheet1.xml'
]]></system-out>
    <system-err><![CDATA[Apr 06, 2025 11:11:47 AM testcases.LoginTest loginTest
INFO: Starting login test
Apr 06, 2025 11:11:47 AM testcases.LoginTest loginTest
INFO: Starting login test
Apr 06, 2025 11:11:47 AM testcases.LoginTest loginTest
INFO: Logging in with email and password
Apr 06, 2025 11:11:47 AM testcases.LoginTest loginTest
INFO: Login test completed
]]></system-err>
  </testcase>
  <testcase name="loginTest2" classname="testcases.LoginTest" time="0.613">
    <failure message="&#10;Cannot inject @Test annotated Method [loginTest2] with [class java.lang.String, class java.lang.String].&#10;For more information on native dependency injection please refer to https://testng.org/doc/documentation-main.html#native-dependency-injection" type="org.testng.TestNGException"><![CDATA[org.testng.TestNGException: 

Cannot inject @Test annotated Method [loginTest2] with [class java.lang.String, class java.lang.String].
For more information on native dependency injection please refer to https://testng.org/doc/documentation-main.html#native-dependency-injection
	at org.testng.internal.Parameters.checkParameterTypes(Parameters.java:436)
	at org.testng.internal.Parameters.createParametersForMethod(Parameters.java:350)
	at org.testng.internal.Parameters.createParameters(Parameters.java:669)
	at org.testng.internal.Parameters.handleParameters(Parameters.java:856)
	at org.testng.internal.Parameters.handleParameters(Parameters.java:704)
	at org.testng.internal.invokers.ParameterHandler.handleParameters(ParameterHandler.java:70)
	at org.testng.internal.invokers.ParameterHandler.createParameters(ParameterHandler.java:49)
	at org.testng.internal.invokers.TestInvoker$MethodInvocationAgent.invoke(TestInvoker.java:882)
	at org.testng.internal.invokers.TestInvoker.invokeTestMethods(TestInvoker.java:192)
	at org.testng.internal.invokers.TestMethodWorker.invokeTestMethods(TestMethodWorker.java:146)
	at org.testng.internal.invokers.TestMethodWorker.run(TestMethodWorker.java:128)
	at java.base/java.util.ArrayList.forEach(ArrayList.java:1511)
	at org.testng.TestRunner.privateRun(TestRunner.java:808)
	at org.testng.TestRunner.run(TestRunner.java:603)
	at org.testng.SuiteRunner.runTest(SuiteRunner.java:429)
	at org.testng.SuiteRunner.runSequentially(SuiteRunner.java:423)
	at org.testng.SuiteRunner.privateRun(SuiteRunner.java:383)
	at org.testng.SuiteRunner.run(SuiteRunner.java:326)
	at org.testng.SuiteRunnerWorker.runSuite(SuiteRunnerWorker.java:52)
	at org.testng.SuiteRunnerWorker.run(SuiteRunnerWorker.java:95)
	at org.testng.TestNG.runSuitesSequentially(TestNG.java:1249)
	at org.testng.TestNG.runSuitesLocally(TestNG.java:1169)
	at org.testng.TestNG.runSuites(TestNG.java:1092)
	at org.testng.TestNG.run(TestNG.java:1060)
	at org.apache.maven.surefire.testng.TestNGExecutor.run(TestNGExecutor.java:155)
	at org.apache.maven.surefire.testng.TestNGDirectoryTestSuite.executeMulti(TestNGDirectoryTestSuite.java:169)
	at org.apache.maven.surefire.testng.TestNGDirectoryTestSuite.execute(TestNGDirectoryTestSuite.java:88)
	at org.apache.maven.surefire.testng.TestNGProvider.invoke(TestNGProvider.java:137)
	at org.apache.maven.surefire.booter.ForkedBooter.runSuitesInProcess(ForkedBooter.java:385)
	at org.apache.maven.surefire.booter.ForkedBooter.execute(ForkedBooter.java:162)
	at org.apache.maven.surefire.booter.ForkedBooter.run(ForkedBooter.java:507)
	at org.apache.maven.surefire.booter.ForkedBooter.main(ForkedBooter.java:495)
]]></failure>
    <system-out><![CDATA[2025-04-06 11:11:47 [main] DEBUG PackageRelationshipCollection:307 - Parsing relationship: /xl/_rels/workbook.xml.rels
2025-04-06 11:11:47 [main] DEBUG PackageRelationshipCollection:307 - Parsing relationship: /_rels/.rels
2025-04-06 11:11:47 [main] DEBUG ZipPackage:570 - Save content types part
2025-04-06 11:11:47 [main] DEBUG ZipPackage:574 - Save package relationships
2025-04-06 11:11:47 [main] DEBUG ZipPackage:588 - Save part 'docProps/app.xml'
2025-04-06 11:11:47 [main] DEBUG ZipPackage:588 - Save part 'docProps/core.xml'
2025-04-06 11:11:47 [main] DEBUG ZipPackage:588 - Save part 'xl/sharedStrings.xml'
2025-04-06 11:11:47 [main] DEBUG ZipPackage:588 - Save part 'xl/styles.xml'
2025-04-06 11:11:47 [main] DEBUG ZipPackage:588 - Save part 'xl/workbook.xml'
2025-04-06 11:11:47 [main] DEBUG ZipPackage:588 - Save part 'xl/worksheets/sheet1.xml'
2025-04-06 11:11:47 [main] DEBUG PackageRelationshipCollection:307 - Parsing relationship: /xl/_rels/workbook.xml.rels
2025-04-06 11:11:47 [main] DEBUG PackageRelationshipCollection:307 - Parsing relationship: /_rels/.rels
2025-04-06 11:11:47 [main] DEBUG ZipPackage:570 - Save content types part
2025-04-06 11:11:47 [main] DEBUG ZipPackage:574 - Save package relationships
2025-04-06 11:11:47 [main] DEBUG ZipPackage:588 - Save part 'docProps/app.xml'
2025-04-06 11:11:47 [main] DEBUG ZipPackage:588 - Save part 'docProps/core.xml'
2025-04-06 11:11:47 [main] DEBUG ZipPackage:588 - Save part 'xl/sharedStrings.xml'
2025-04-06 11:11:47 [main] DEBUG ZipPackage:588 - Save part 'xl/styles.xml'
2025-04-06 11:11:47 [main] DEBUG ZipPackage:588 - Save part 'xl/workbook.xml'
2025-04-06 11:11:47 [main] DEBUG ZipPackage:588 - Save part 'xl/worksheets/sheet1.xml'
2025-04-06 11:11:47 [main] DEBUG PackageRelationshipCollection:307 - Parsing relationship: /xl/_rels/workbook.xml.rels
2025-04-06 11:11:47 [main] DEBUG PackageRelationshipCollection:307 - Parsing relationship: /_rels/.rels
2025-04-06 11:11:47 [main] DEBUG ZipPackage:570 - Save content types part
2025-04-06 11:11:47 [main] DEBUG ZipPackage:574 - Save package relationships
2025-04-06 11:11:47 [main] DEBUG ZipPackage:588 - Save part 'docProps/app.xml'
2025-04-06 11:11:47 [main] DEBUG ZipPackage:588 - Save part 'docProps/core.xml'
2025-04-06 11:11:47 [main] DEBUG ZipPackage:588 - Save part 'xl/sharedStrings.xml'
2025-04-06 11:11:47 [main] DEBUG ZipPackage:588 - Save part 'xl/styles.xml'
2025-04-06 11:11:47 [main] DEBUG ZipPackage:588 - Save part 'xl/workbook.xml'
2025-04-06 11:11:47 [main] DEBUG ZipPackage:588 - Save part 'xl/worksheets/sheet1.xml'
2025-04-06 11:11:47 [main] DEBUG PackageRelationshipCollection:307 - Parsing relationship: /xl/_rels/workbook.xml.rels
2025-04-06 11:11:48 [main] DEBUG PackageRelationshipCollection:307 - Parsing relationship: /_rels/.rels
2025-04-06 11:11:48 [main] DEBUG ZipPackage:570 - Save content types part
2025-04-06 11:11:48 [main] DEBUG ZipPackage:574 - Save package relationships
2025-04-06 11:11:48 [main] DEBUG ZipPackage:588 - Save part 'docProps/app.xml'
2025-04-06 11:11:48 [main] DEBUG ZipPackage:588 - Save part 'docProps/core.xml'
2025-04-06 11:11:48 [main] DEBUG ZipPackage:588 - Save part 'xl/sharedStrings.xml'
2025-04-06 11:11:48 [main] DEBUG ZipPackage:588 - Save part 'xl/styles.xml'
2025-04-06 11:11:48 [main] DEBUG ZipPackage:588 - Save part 'xl/workbook.xml'
2025-04-06 11:11:48 [main] DEBUG ZipPackage:588 - Save part 'xl/worksheets/sheet1.xml'
2025-04-06 11:11:48 [main] DEBUG PackageRelationshipCollection:307 - Parsing relationship: /xl/_rels/workbook.xml.rels
2025-04-06 11:11:48 [main] DEBUG PackageRelationshipCollection:307 - Parsing relationship: /_rels/.rels
2025-04-06 11:11:48 [main] DEBUG ZipPackage:570 - Save content types part
2025-04-06 11:11:48 [main] DEBUG ZipPackage:574 - Save package relationships
2025-04-06 11:11:48 [main] DEBUG ZipPackage:588 - Save part 'docProps/app.xml'
2025-04-06 11:11:48 [main] DEBUG ZipPackage:588 - Save part 'docProps/core.xml'
2025-04-06 11:11:48 [main] DEBUG ZipPackage:588 - Save part 'xl/sharedStrings.xml'
2025-04-06 11:11:48 [main] DEBUG ZipPackage:588 - Save part 'xl/styles.xml'
2025-04-06 11:11:48 [main] DEBUG ZipPackage:588 - Save part 'xl/workbook.xml'
2025-04-06 11:11:48 [main] DEBUG ZipPackage:588 - Save part 'xl/worksheets/sheet1.xml'
]]></system-out>
  </testcase>
  <testcase name="loginTest3" classname="testcases.LoginTest" time="1.135">
    <failure message="&#10;Cannot inject @Test annotated Method [loginTest3] with [class java.lang.String, class java.lang.String].&#10;For more information on native dependency injection please refer to https://testng.org/doc/documentation-main.html#native-dependency-injection" type="org.testng.TestNGException"><![CDATA[org.testng.TestNGException: 

Cannot inject @Test annotated Method [loginTest3] with [class java.lang.String, class java.lang.String].
For more information on native dependency injection please refer to https://testng.org/doc/documentation-main.html#native-dependency-injection
	at org.testng.internal.Parameters.checkParameterTypes(Parameters.java:436)
	at org.testng.internal.Parameters.createParametersForMethod(Parameters.java:350)
	at org.testng.internal.Parameters.createParameters(Parameters.java:669)
	at org.testng.internal.Parameters.handleParameters(Parameters.java:856)
	at org.testng.internal.Parameters.handleParameters(Parameters.java:704)
	at org.testng.internal.invokers.ParameterHandler.handleParameters(ParameterHandler.java:70)
	at org.testng.internal.invokers.ParameterHandler.createParameters(ParameterHandler.java:49)
	at org.testng.internal.invokers.TestInvoker$MethodInvocationAgent.invoke(TestInvoker.java:882)
	at org.testng.internal.invokers.TestInvoker.invokeTestMethods(TestInvoker.java:192)
	at org.testng.internal.invokers.TestMethodWorker.invokeTestMethods(TestMethodWorker.java:146)
	at org.testng.internal.invokers.TestMethodWorker.run(TestMethodWorker.java:128)
	at java.base/java.util.ArrayList.forEach(ArrayList.java:1511)
	at org.testng.TestRunner.privateRun(TestRunner.java:808)
	at org.testng.TestRunner.run(TestRunner.java:603)
	at org.testng.SuiteRunner.runTest(SuiteRunner.java:429)
	at org.testng.SuiteRunner.runSequentially(SuiteRunner.java:423)
	at org.testng.SuiteRunner.privateRun(SuiteRunner.java:383)
	at org.testng.SuiteRunner.run(SuiteRunner.java:326)
	at org.testng.SuiteRunnerWorker.runSuite(SuiteRunnerWorker.java:52)
	at org.testng.SuiteRunnerWorker.run(SuiteRunnerWorker.java:95)
	at org.testng.TestNG.runSuitesSequentially(TestNG.java:1249)
	at org.testng.TestNG.runSuitesLocally(TestNG.java:1169)
	at org.testng.TestNG.runSuites(TestNG.java:1092)
	at org.testng.TestNG.run(TestNG.java:1060)
	at org.apache.maven.surefire.testng.TestNGExecutor.run(TestNGExecutor.java:155)
	at org.apache.maven.surefire.testng.TestNGDirectoryTestSuite.executeMulti(TestNGDirectoryTestSuite.java:169)
	at org.apache.maven.surefire.testng.TestNGDirectoryTestSuite.execute(TestNGDirectoryTestSuite.java:88)
	at org.apache.maven.surefire.testng.TestNGProvider.invoke(TestNGProvider.java:137)
	at org.apache.maven.surefire.booter.ForkedBooter.runSuitesInProcess(ForkedBooter.java:385)
	at org.apache.maven.surefire.booter.ForkedBooter.execute(ForkedBooter.java:162)
	at org.apache.maven.surefire.booter.ForkedBooter.run(ForkedBooter.java:507)
	at org.apache.maven.surefire.booter.ForkedBooter.main(ForkedBooter.java:495)
]]></failure>
    <system-out><![CDATA[2025-04-06 11:11:48 [main] DEBUG PackageRelationshipCollection:307 - Parsing relationship: /xl/_rels/workbook.xml.rels
2025-04-06 11:11:48 [main] DEBUG PackageRelationshipCollection:307 - Parsing relationship: /_rels/.rels
2025-04-06 11:11:48 [main] DEBUG ZipPackage:570 - Save content types part
2025-04-06 11:11:48 [main] DEBUG ZipPackage:574 - Save package relationships
2025-04-06 11:11:48 [main] DEBUG ZipPackage:588 - Save part 'docProps/app.xml'
2025-04-06 11:11:48 [main] DEBUG ZipPackage:588 - Save part 'docProps/core.xml'
2025-04-06 11:11:48 [main] DEBUG ZipPackage:588 - Save part 'xl/sharedStrings.xml'
2025-04-06 11:11:48 [main] DEBUG ZipPackage:588 - Save part 'xl/styles.xml'
2025-04-06 11:11:48 [main] DEBUG ZipPackage:588 - Save part 'xl/workbook.xml'
2025-04-06 11:11:48 [main] DEBUG ZipPackage:588 - Save part 'xl/worksheets/sheet1.xml'
2025-04-06 11:11:48 [main] DEBUG PackageRelationshipCollection:307 - Parsing relationship: /xl/_rels/workbook.xml.rels
2025-04-06 11:11:48 [main] DEBUG PackageRelationshipCollection:307 - Parsing relationship: /_rels/.rels
2025-04-06 11:11:48 [main] DEBUG ZipPackage:570 - Save content types part
2025-04-06 11:11:48 [main] DEBUG ZipPackage:574 - Save package relationships
2025-04-06 11:11:48 [main] DEBUG ZipPackage:588 - Save part 'docProps/app.xml'
2025-04-06 11:11:48 [main] DEBUG ZipPackage:588 - Save part 'docProps/core.xml'
2025-04-06 11:11:48 [main] DEBUG ZipPackage:588 - Save part 'xl/sharedStrings.xml'
2025-04-06 11:11:48 [main] DEBUG ZipPackage:588 - Save part 'xl/styles.xml'
2025-04-06 11:11:48 [main] DEBUG ZipPackage:588 - Save part 'xl/workbook.xml'
2025-04-06 11:11:48 [main] DEBUG ZipPackage:588 - Save part 'xl/worksheets/sheet1.xml'
2025-04-06 11:11:48 [main] DEBUG PackageRelationshipCollection:307 - Parsing relationship: /xl/_rels/workbook.xml.rels
2025-04-06 11:11:48 [main] DEBUG PackageRelationshipCollection:307 - Parsing relationship: /_rels/.rels
2025-04-06 11:11:48 [main] DEBUG ZipPackage:570 - Save content types part
2025-04-06 11:11:48 [main] DEBUG ZipPackage:574 - Save package relationships
2025-04-06 11:11:48 [main] DEBUG ZipPackage:588 - Save part 'docProps/app.xml'
2025-04-06 11:11:48 [main] DEBUG ZipPackage:588 - Save part 'docProps/core.xml'
2025-04-06 11:11:48 [main] DEBUG ZipPackage:588 - Save part 'xl/sharedStrings.xml'
2025-04-06 11:11:48 [main] DEBUG ZipPackage:588 - Save part 'xl/styles.xml'
2025-04-06 11:11:48 [main] DEBUG ZipPackage:588 - Save part 'xl/workbook.xml'
2025-04-06 11:11:48 [main] DEBUG ZipPackage:588 - Save part 'xl/worksheets/sheet1.xml'
2025-04-06 11:11:48 [main] DEBUG PackageRelationshipCollection:307 - Parsing relationship: /xl/_rels/workbook.xml.rels
2025-04-06 11:11:48 [main] DEBUG PackageRelationshipCollection:307 - Parsing relationship: /_rels/.rels
2025-04-06 11:11:48 [main] DEBUG ZipPackage:570 - Save content types part
2025-04-06 11:11:48 [main] DEBUG ZipPackage:574 - Save package relationships
2025-04-06 11:11:48 [main] DEBUG ZipPackage:588 - Save part 'docProps/app.xml'
2025-04-06 11:11:48 [main] DEBUG ZipPackage:588 - Save part 'docProps/core.xml'
2025-04-06 11:11:48 [main] DEBUG ZipPackage:588 - Save part 'xl/sharedStrings.xml'
2025-04-06 11:11:48 [main] DEBUG ZipPackage:588 - Save part 'xl/styles.xml'
2025-04-06 11:11:48 [main] DEBUG ZipPackage:588 - Save part 'xl/workbook.xml'
2025-04-06 11:11:48 [main] DEBUG ZipPackage:588 - Save part 'xl/worksheets/sheet1.xml'
2025-04-06 11:11:48 [main] DEBUG PackageRelationshipCollection:307 - Parsing relationship: /xl/_rels/workbook.xml.rels
2025-04-06 11:11:48 [main] DEBUG PackageRelationshipCollection:307 - Parsing relationship: /_rels/.rels
2025-04-06 11:11:48 [main] DEBUG ZipPackage:570 - Save content types part
2025-04-06 11:11:48 [main] DEBUG ZipPackage:574 - Save package relationships
2025-04-06 11:11:48 [main] DEBUG ZipPackage:588 - Save part 'docProps/app.xml'
2025-04-06 11:11:48 [main] DEBUG ZipPackage:588 - Save part 'docProps/core.xml'
2025-04-06 11:11:48 [main] DEBUG ZipPackage:588 - Save part 'xl/sharedStrings.xml'
2025-04-06 11:11:48 [main] DEBUG ZipPackage:588 - Save part 'xl/styles.xml'
2025-04-06 11:11:48 [main] DEBUG ZipPackage:588 - Save part 'xl/workbook.xml'
2025-04-06 11:11:48 [main] DEBUG ZipPackage:588 - Save part 'xl/worksheets/sheet1.xml'
]]></system-out>
  </testcase>
</testsuite>