<?xml version="1.0" encoding="UTF-8"?>
<!-- Generated by org.testng.reporters.JUnitReportReporter -->
<testsuite hostname="VikramSolanki" failures="0" tests="4" name="testcases.LoginTest" time="62.010" errors="0" timestamp="2025-04-07T01:37:56 IST" skipped="2">
  <testcase classname="testcases.LoginTest" name="UserLoginTest" time="3.467"/>
  <testcase classname="testcases.LoginTest" name="verifyHostAndAdventure" time="58.543"/>
  <testcase classname="testcases.LoginTest" name="RegistedLoginTest">
    <skipped/>
  </testcase> <!-- RegistedLoginTest -->
  <testcase classname="testcases.LoginTest" name="UserRegistrationTest">
    <skipped/>
  </testcase> <!-- UserRegistrationTest -->
</testsuite> <!-- testcases.LoginTest -->
