<?xml version="1.0" encoding="UTF-8"?>
<!-- Generated by org.testng.reporters.JUnitReportReporter -->
<testsuite hostname="VikramSolanki" failures="0" tests="1" name="com.embarkPortal.automation.LoginTest" time="0.476" errors="0" timestamp="2025-04-05T02:43:14 IST" skipped="0">
  <testcase classname="com.embarkPortal.automation.LoginTest" name="loginTest" time="0.476"/>
</testsuite> <!-- com.embarkPortal.automation.LoginTest -->
