<?xml version="1.0" encoding="UTF-8"?>
<!-- Generated by org.testng.reporters.JUnitReportReporter -->
<testsuite hostname="VikramSolanki" failures="0" tests="4" name="testcases.LoginTest" time="63.951" errors="0" timestamp="2025-04-07T18:13:37 IST" skipped="2">
  <testcase classname="testcases.LoginTest" name="UserLoginTest" time="2.680"/>
  <testcase classname="testcases.LoginTest" name="verifyHostAndAdventure" time="61.271"/>
  <testcase classname="testcases.LoginTest" name="RegistedLoginTest">
    <skipped/>
  </testcase> <!-- RegistedLoginTest -->
  <testcase classname="testcases.LoginTest" name="UserRegistrationTest">
    <skipped/>
  </testcase> <!-- UserRegistrationTest -->
</testsuite> <!-- testcases.LoginTest -->
