<?xml version="1.0" encoding="UTF-8"?>
<!-- Generated by org.testng.reporters.JUnitReportReporter -->
<testsuite hostname="VikramSolanki" failures="0" tests="1" name="com.embarkPortal.automation.LoginTest" time="0.383" errors="0" timestamp="2025-04-05T13:32:44 IST" skipped="0">
  <testcase classname="com.embarkPortal.automation.LoginTest" name="loginTest" time="0.383"/>
  <system-out/>
</testsuite> <!-- com.embarkPortal.automation.LoginTest -->
