<?xml version="1.0" encoding="UTF-8"?>
<!-- Generated by org.testng.reporters.JUnitReportReporter -->
<testsuite hostname="VikramSolanki" failures="0" tests="4" name="testcases.LoginTest" time="63.031" errors="0" timestamp="2025-04-07T01:40:59 IST" skipped="2">
  <testcase classname="testcases.LoginTest" name="UserLoginTest" time="2.723"/>
  <system-out/>
  <testcase classname="testcases.LoginTest" name="verifyHostAndAdventure" time="60.308"/>
  <system-out/>
  <testcase classname="testcases.LoginTest" name="RegistedLoginTest">
    <skipped/>
  </testcase> <!-- RegistedLoginTest -->
  <system-out/>
  <testcase classname="testcases.LoginTest" name="UserRegistrationTest">
    <skipped/>
  </testcase> <!-- UserRegistrationTest -->
  <system-out/>
</testsuite> <!-- testcases.LoginTest -->
