<?xml version="1.0" encoding="UTF-8"?>
<!-- Generated by org.testng.reporters.JUnitReportReporter -->
<testsuite hostname="VikramSolanki" failures="0" tests="1" name="com.embarkPortal.automation.LoginTest" time="0.361" errors="0" timestamp="2025-04-06T11:11:50 IST" skipped="0">
  <testcase classname="com.embarkPortal.automation.LoginTest" name="loginTest" time="0.361"/>
  <system-out/>
</testsuite> <!-- com.embarkPortal.automation.LoginTest -->
